###
#
#  ASPECT configuration:
#        DEAL_II_DIR:               /Applications/deal.II.app/Contents/Resources/lib/cmake/deal.II
#        DEAL_II VERSION:           8.2.1
#        ASPECT_USE_PETSC:          OFF
#        ASPECT_USE_FP_EXCEPTIONS:  OFF
#        ASPECT_RUN_ALL_TESTS:      OFF
#        ASPECT_USE_SHARED_LIBS:    
#        ASPECT_HAVE_LINK_H:        
#        CMAKE_BUILD_TYPE:          Debug
#        CMAKE_INSTALL_PREFIX:      /usr/local
#        CMAKE_SOURCE_DIR:          /Users/q/Documents/aspect 
#        CMAKE_BINARY_DIR:          /Users/q/Documents/aspect/build_deal.ii.app
#        CMAKE_CXX_COMPILER:        Clang 6.0.0.6000057 on platform Darwin x86_64
#                                   /Applications/deal.II.app/Contents/Resources/opt/openmpi-1.6.5/bin/mpicxx
#      CMAKE_C_COMPILER:          /Applications/deal.II.app/Contents/Resources/opt/openmpi-1.6.5/bin/mpicc
#
#       LINKAGE:                   DYNAMIC
#
###