The system is: Darwin - 13.4.0 - x86_64
Compiling the CXX compiler identification source file "CMakeCXXCompilerId.cpp" succeeded.
Compiler: /Applications/deal.II.app/Contents/Resources/opt/openmpi-1.6.5/bin/mpic++ 
Build flags: -Qunused-arguments;-pedantic;-fpic;-Wall;-Wpointer-arith;-Wwrite-strings;-Wsynth;-Wsign-compare;-Wswitch;-Wno-long-long;;;-Wno-dangling-else;-Wno-delete-non-virtual-dtor;-Wno-long-long;-Wno-newline-eof;-Wno-unused-function;-Wno-unused-private-field;-Wno-unused-variable;-Wno-unsupported-friend;-Wno-c++11-extensions;-Wno-c99-extensions;-Wno-variadic-macros;-std=c++11;-Wno-parentheses;-Wno-long-long;-Wno-unused;-Wno-extra;-Wno-overloaded-virtual;-Wno-long-long
Id flags: 

The output was:
0


Compilation of the CXX compiler identification source "CMakeCXXCompilerId.cpp" produced "a.out"

The CXX compiler identification is AppleClang, found in "/Users/q/Documents/aspect/build_deal.ii.app/CMakeFiles/3.2.2/CompilerIdCXX/a.out"

Compiling the C compiler identification source file "CMakeCCompilerId.c" succeeded.
Compiler: /Applications/deal.II.app/Contents/Resources/opt/openmpi-1.6.5/bin/mpicc 
Build flags: -g;-O3
Id flags: 

The output was:
0


Compilation of the C compiler identification source "CMakeCCompilerId.c" produced "a.out"

The C compiler identification is AppleClang, found in "/Users/q/Documents/aspect/build_deal.ii.app/CMakeFiles/3.2.2/CompilerIdC/a.out"

Compiling the CXX compiler identification source file "CMakeCXXCompilerId.cpp" succeeded.
Compiler: /Applications/deal.II.app/Contents/Resources/opt/openmpi-1.6.5/bin/mpicxx 
Build flags: -g;-O3;-std=c++11
Id flags: 

The output was:
0


Compilation of the CXX compiler identification source "CMakeCXXCompilerId.cpp" produced "a.out"

The CXX compiler identification is AppleClang, found in "/Users/q/Documents/aspect/build_deal.ii.app/CMakeFiles/3.2.2/CompilerIdCXX/a.out"

Determining if the C compiler works passed with the following output:
Change Dir: /Users/q/Documents/aspect/build_deal.ii.app/CMakeFiles/CMakeTmp

Run Build Command:"/usr/bin/make" "cmTryCompileExec630345837/fast"
/Library/Developer/CommandLineTools/usr/bin/make -f CMakeFiles/cmTryCompileExec630345837.dir/build.make CMakeFiles/cmTryCompileExec630345837.dir/build
/Applications/CMake.app/Contents/bin/cmake -E cmake_progress_report /Users/q/Documents/aspect/build_deal.ii.app/CMakeFiles/CMakeTmp/CMakeFiles 1
Building C object CMakeFiles/cmTryCompileExec630345837.dir/testCCompiler.c.o
/Applications/deal.II.app/Contents/Resources/opt/openmpi-1.6.5/bin/mpicc   -g -O3    -o CMakeFiles/cmTryCompileExec630345837.dir/testCCompiler.c.o   -c /Users/q/Documents/aspect/build_deal.ii.app/CMakeFiles/CMakeTmp/testCCompiler.c
Linking C executable cmTryCompileExec630345837
/Applications/CMake.app/Contents/bin/cmake -E cmake_link_script CMakeFiles/cmTryCompileExec630345837.dir/link.txt --verbose=1
/Applications/deal.II.app/Contents/Resources/opt/openmpi-1.6.5/bin/mpicc  -g -O3  -Wl,-search_paths_first -Wl,-headerpad_max_install_names   CMakeFiles/cmTryCompileExec630345837.dir/testCCompiler.c.o  -o cmTryCompileExec630345837  


Detecting C compiler ABI info compiled with the following output:
Change Dir: /Users/q/Documents/aspect/build_deal.ii.app/CMakeFiles/CMakeTmp

Run Build Command:"/usr/bin/make" "cmTryCompileExec1961812182/fast"
/Library/Developer/CommandLineTools/usr/bin/make -f CMakeFiles/cmTryCompileExec1961812182.dir/build.make CMakeFiles/cmTryCompileExec1961812182.dir/build
/Applications/CMake.app/Contents/bin/cmake -E cmake_progress_report /Users/q/Documents/aspect/build_deal.ii.app/CMakeFiles/CMakeTmp/CMakeFiles 1
Building C object CMakeFiles/cmTryCompileExec1961812182.dir/CMakeCCompilerABI.c.o
/Applications/deal.II.app/Contents/Resources/opt/openmpi-1.6.5/bin/mpicc   -g -O3    -o CMakeFiles/cmTryCompileExec1961812182.dir/CMakeCCompilerABI.c.o   -c /Applications/CMake.app/Contents/share/cmake-3.2/Modules/CMakeCCompilerABI.c
Linking C executable cmTryCompileExec1961812182
/Applications/CMake.app/Contents/bin/cmake -E cmake_link_script CMakeFiles/cmTryCompileExec1961812182.dir/link.txt --verbose=1
/Applications/deal.II.app/Contents/Resources/opt/openmpi-1.6.5/bin/mpicc  -g -O3  -Wl,-search_paths_first -Wl,-headerpad_max_install_names  -v -Wl,-v CMakeFiles/cmTryCompileExec1961812182.dir/CMakeCCompilerABI.c.o  -o cmTryCompileExec1961812182   
Apple LLVM version 6.0 (clang-600.0.57) (based on LLVM 3.5svn)
Target: x86_64-apple-darwin13.4.0
Thread model: posix
 "/Library/Developer/CommandLineTools/usr/bin/ld" -demangle -dynamic -arch x86_64 -macosx_version_min 10.9.0 -o cmTryCompileExec1961812182 -L/Applications/deal.II.app/Contents/Resources/opt/openmpi-1.6.5/lib -search_paths_first -headerpad_max_install_names -v CMakeFiles/cmTryCompileExec1961812182.dir/CMakeCCompilerABI.c.o -lmpi -lm -L/usr/local/lib -lSystem /Library/Developer/CommandLineTools/usr/bin/../lib/clang/6.0/lib/darwin/libclang_rt.osx.a
@(#)PROGRAM:ld  PROJECT:ld64-241.9
configured to support archs: armv6 armv7 armv7s arm64 i386 x86_64 x86_64h armv6m armv7m armv7em
Library search paths:
	/Applications/deal.II.app/Contents/Resources/opt/openmpi-1.6.5/lib
	/usr/local/lib
	/usr/lib
	/usr/local/lib
Framework search paths:
	/Library/Frameworks/
	/System/Library/Frameworks/


Parsed C implicit link information from above output:
  link line regex: [^( *|.*[/\])(ld|([^/\]+-)?ld|collect2)[^/\]*( |$)]
  ignore line: [Change Dir: /Users/q/Documents/aspect/build_deal.ii.app/CMakeFiles/CMakeTmp]
  ignore line: []
  ignore line: [Run Build Command:"/usr/bin/make" "cmTryCompileExec1961812182/fast"]
  ignore line: [/Library/Developer/CommandLineTools/usr/bin/make -f CMakeFiles/cmTryCompileExec1961812182.dir/build.make CMakeFiles/cmTryCompileExec1961812182.dir/build]
  ignore line: [/Applications/CMake.app/Contents/bin/cmake -E cmake_progress_report /Users/q/Documents/aspect/build_deal.ii.app/CMakeFiles/CMakeTmp/CMakeFiles 1]
  ignore line: [Building C object CMakeFiles/cmTryCompileExec1961812182.dir/CMakeCCompilerABI.c.o]
  ignore line: [/Applications/deal.II.app/Contents/Resources/opt/openmpi-1.6.5/bin/mpicc   -g -O3    -o CMakeFiles/cmTryCompileExec1961812182.dir/CMakeCCompilerABI.c.o   -c /Applications/CMake.app/Contents/share/cmake-3.2/Modules/CMakeCCompilerABI.c]
  ignore line: [Linking C executable cmTryCompileExec1961812182]
  ignore line: [/Applications/CMake.app/Contents/bin/cmake -E cmake_link_script CMakeFiles/cmTryCompileExec1961812182.dir/link.txt --verbose=1]
  ignore line: [/Applications/deal.II.app/Contents/Resources/opt/openmpi-1.6.5/bin/mpicc  -g -O3  -Wl,-search_paths_first -Wl,-headerpad_max_install_names  -v -Wl,-v CMakeFiles/cmTryCompileExec1961812182.dir/CMakeCCompilerABI.c.o  -o cmTryCompileExec1961812182   ]
  ignore line: [Apple LLVM version 6.0 (clang-600.0.57) (based on LLVM 3.5svn)]
  ignore line: [Target: x86_64-apple-darwin13.4.0]
  ignore line: [Thread model: posix]
  link line: [ "/Library/Developer/CommandLineTools/usr/bin/ld" -demangle -dynamic -arch x86_64 -macosx_version_min 10.9.0 -o cmTryCompileExec1961812182 -L/Applications/deal.II.app/Contents/Resources/opt/openmpi-1.6.5/lib -search_paths_first -headerpad_max_install_names -v CMakeFiles/cmTryCompileExec1961812182.dir/CMakeCCompilerABI.c.o -lmpi -lm -L/usr/local/lib -lSystem /Library/Developer/CommandLineTools/usr/bin/../lib/clang/6.0/lib/darwin/libclang_rt.osx.a]
    arg [/Library/Developer/CommandLineTools/usr/bin/ld] ==> ignore
    arg [-demangle] ==> ignore
    arg [-dynamic] ==> ignore
    arg [-arch] ==> ignore
    arg [x86_64] ==> ignore
    arg [-macosx_version_min] ==> ignore
    arg [10.9.0] ==> ignore
    arg [-o] ==> ignore
    arg [cmTryCompileExec1961812182] ==> ignore
    arg [-L/Applications/deal.II.app/Contents/Resources/opt/openmpi-1.6.5/lib] ==> dir [/Applications/deal.II.app/Contents/Resources/opt/openmpi-1.6.5/lib]
    arg [-search_paths_first] ==> ignore
    arg [-headerpad_max_install_names] ==> ignore
    arg [-v] ==> ignore
    arg [CMakeFiles/cmTryCompileExec1961812182.dir/CMakeCCompilerABI.c.o] ==> ignore
    arg [-lmpi] ==> lib [mpi]
    arg [-lm] ==> lib [m]
    arg [-L/usr/local/lib] ==> dir [/usr/local/lib]
    arg [-lSystem] ==> lib [System]
    arg [/Library/Developer/CommandLineTools/usr/bin/../lib/clang/6.0/lib/darwin/libclang_rt.osx.a] ==> lib [/Library/Developer/CommandLineTools/usr/bin/../lib/clang/6.0/lib/darwin/libclang_rt.osx.a]
  Library search paths: [;/Applications/deal.II.app/Contents/Resources/opt/openmpi-1.6.5/lib;/usr/local/lib;/usr/lib;/usr/local/lib]
  Framework search paths: [;/Library/Frameworks/;/System/Library/Frameworks/]
  remove lib [System]
  collapse lib [/Library/Developer/CommandLineTools/usr/bin/../lib/clang/6.0/lib/darwin/libclang_rt.osx.a] ==> [/Library/Developer/CommandLineTools/usr/lib/clang/6.0/lib/darwin/libclang_rt.osx.a]
  collapse library dir [/Applications/deal.II.app/Contents/Resources/opt/openmpi-1.6.5/lib] ==> [/Applications/deal.II.app/Contents/Resources/opt/openmpi-1.6.5/lib]
  collapse library dir [/usr/local/lib] ==> [/usr/local/lib]
  collapse library dir [/Applications/deal.II.app/Contents/Resources/opt/openmpi-1.6.5/lib] ==> [/Applications/deal.II.app/Contents/Resources/opt/openmpi-1.6.5/lib]
  collapse library dir [/usr/local/lib] ==> [/usr/local/lib]
  collapse library dir [/usr/lib] ==> [/usr/lib]
  collapse library dir [/usr/local/lib] ==> [/usr/local/lib]
  collapse framework dir [/Library/Frameworks/] ==> [/Library/Frameworks]
  collapse framework dir [/System/Library/Frameworks/] ==> [/System/Library/Frameworks]
  implicit libs: [mpi;m;/Library/Developer/CommandLineTools/usr/lib/clang/6.0/lib/darwin/libclang_rt.osx.a]
  implicit dirs: [/Applications/deal.II.app/Contents/Resources/opt/openmpi-1.6.5/lib;/usr/local/lib;/usr/lib]
  implicit fwks: [/Library/Frameworks;/System/Library/Frameworks]




Detecting C [-std=c11] compiler features compiled with the following output:
Change Dir: /Users/q/Documents/aspect/build_deal.ii.app/CMakeFiles/CMakeTmp

Run Build Command:"/usr/bin/make" "cmTryCompileExec2479969704/fast"
/Library/Developer/CommandLineTools/usr/bin/make -f CMakeFiles/cmTryCompileExec2479969704.dir/build.make CMakeFiles/cmTryCompileExec2479969704.dir/build
/Applications/CMake.app/Contents/bin/cmake -E cmake_progress_report /Users/q/Documents/aspect/build_deal.ii.app/CMakeFiles/CMakeTmp/CMakeFiles 1
Building C object CMakeFiles/cmTryCompileExec2479969704.dir/feature_tests.c.o
/Applications/deal.II.app/Contents/Resources/opt/openmpi-1.6.5/bin/mpicc   -g -O3    -std=c11 -o CMakeFiles/cmTryCompileExec2479969704.dir/feature_tests.c.o   -c /Users/q/Documents/aspect/build_deal.ii.app/CMakeFiles/feature_tests.c
Linking C executable cmTryCompileExec2479969704
/Applications/CMake.app/Contents/bin/cmake -E cmake_link_script CMakeFiles/cmTryCompileExec2479969704.dir/link.txt --verbose=1
/Applications/deal.II.app/Contents/Resources/opt/openmpi-1.6.5/bin/mpicc  -g -O3  -Wl,-search_paths_first -Wl,-headerpad_max_install_names   CMakeFiles/cmTryCompileExec2479969704.dir/feature_tests.c.o  -o cmTryCompileExec2479969704  


    Feature record: C_FEATURE:1c_function_prototypes
    Feature record: C_FEATURE:1c_restrict
    Feature record: C_FEATURE:1c_static_assert
    Feature record: C_FEATURE:1c_variadic_macros


Detecting C [-std=c99] compiler features compiled with the following output:
Change Dir: /Users/q/Documents/aspect/build_deal.ii.app/CMakeFiles/CMakeTmp

Run Build Command:"/usr/bin/make" "cmTryCompileExec91024822/fast"
/Library/Developer/CommandLineTools/usr/bin/make -f CMakeFiles/cmTryCompileExec91024822.dir/build.make CMakeFiles/cmTryCompileExec91024822.dir/build
/Applications/CMake.app/Contents/bin/cmake -E cmake_progress_report /Users/q/Documents/aspect/build_deal.ii.app/CMakeFiles/CMakeTmp/CMakeFiles 1
Building C object CMakeFiles/cmTryCompileExec91024822.dir/feature_tests.c.o
/Applications/deal.II.app/Contents/Resources/opt/openmpi-1.6.5/bin/mpicc   -g -O3    -std=c99 -o CMakeFiles/cmTryCompileExec91024822.dir/feature_tests.c.o   -c /Users/q/Documents/aspect/build_deal.ii.app/CMakeFiles/feature_tests.c
Linking C executable cmTryCompileExec91024822
/Applications/CMake.app/Contents/bin/cmake -E cmake_link_script CMakeFiles/cmTryCompileExec91024822.dir/link.txt --verbose=1
/Applications/deal.II.app/Contents/Resources/opt/openmpi-1.6.5/bin/mpicc  -g -O3  -Wl,-search_paths_first -Wl,-headerpad_max_install_names   CMakeFiles/cmTryCompileExec91024822.dir/feature_tests.c.o  -o cmTryCompileExec91024822  


    Feature record: C_FEATURE:1c_function_prototypes
    Feature record: C_FEATURE:1c_restrict
    Feature record: C_FEATURE:0c_static_assert
    Feature record: C_FEATURE:1c_variadic_macros


Detecting C [-std=c90] compiler features compiled with the following output:
Change Dir: /Users/q/Documents/aspect/build_deal.ii.app/CMakeFiles/CMakeTmp

Run Build Command:"/usr/bin/make" "cmTryCompileExec2227942911/fast"
/Library/Developer/CommandLineTools/usr/bin/make -f CMakeFiles/cmTryCompileExec2227942911.dir/build.make CMakeFiles/cmTryCompileExec2227942911.dir/build
/Applications/CMake.app/Contents/bin/cmake -E cmake_progress_report /Users/q/Documents/aspect/build_deal.ii.app/CMakeFiles/CMakeTmp/CMakeFiles 1
Building C object CMakeFiles/cmTryCompileExec2227942911.dir/feature_tests.c.o
/Applications/deal.II.app/Contents/Resources/opt/openmpi-1.6.5/bin/mpicc   -g -O3    -std=c90 -o CMakeFiles/cmTryCompileExec2227942911.dir/feature_tests.c.o   -c /Users/q/Documents/aspect/build_deal.ii.app/CMakeFiles/feature_tests.c
Linking C executable cmTryCompileExec2227942911
/Applications/CMake.app/Contents/bin/cmake -E cmake_link_script CMakeFiles/cmTryCompileExec2227942911.dir/link.txt --verbose=1
/Applications/deal.II.app/Contents/Resources/opt/openmpi-1.6.5/bin/mpicc  -g -O3  -Wl,-search_paths_first -Wl,-headerpad_max_install_names   CMakeFiles/cmTryCompileExec2227942911.dir/feature_tests.c.o  -o cmTryCompileExec2227942911  


    Feature record: C_FEATURE:1c_function_prototypes
    Feature record: C_FEATURE:0c_restrict
    Feature record: C_FEATURE:0c_static_assert
    Feature record: C_FEATURE:0c_variadic_macros
Determining if the CXX compiler works passed with the following output:
Change Dir: /Users/q/Documents/aspect/build_deal.ii.app/CMakeFiles/CMakeTmp

Run Build Command:"/usr/bin/make" "cmTryCompileExec3637462337/fast"
/Library/Developer/CommandLineTools/usr/bin/make -f CMakeFiles/cmTryCompileExec3637462337.dir/build.make CMakeFiles/cmTryCompileExec3637462337.dir/build
/Applications/CMake.app/Contents/bin/cmake -E cmake_progress_report /Users/q/Documents/aspect/build_deal.ii.app/CMakeFiles/CMakeTmp/CMakeFiles 1
Building CXX object CMakeFiles/cmTryCompileExec3637462337.dir/testCXXCompiler.cxx.o
/Applications/deal.II.app/Contents/Resources/opt/openmpi-1.6.5/bin/mpicxx    -g -O3 -std=c++11    -o CMakeFiles/cmTryCompileExec3637462337.dir/testCXXCompiler.cxx.o -c /Users/q/Documents/aspect/build_deal.ii.app/CMakeFiles/CMakeTmp/testCXXCompiler.cxx
Linking CXX executable cmTryCompileExec3637462337
/Applications/CMake.app/Contents/bin/cmake -E cmake_link_script CMakeFiles/cmTryCompileExec3637462337.dir/link.txt --verbose=1
/Applications/deal.II.app/Contents/Resources/opt/openmpi-1.6.5/bin/mpicxx   -g -O3 -std=c++11  -Wl,-search_paths_first -Wl,-headerpad_max_install_names   CMakeFiles/cmTryCompileExec3637462337.dir/testCXXCompiler.cxx.o  -o cmTryCompileExec3637462337  


Detecting CXX compiler ABI info compiled with the following output:
Change Dir: /Users/q/Documents/aspect/build_deal.ii.app/CMakeFiles/CMakeTmp

Run Build Command:"/usr/bin/make" "cmTryCompileExec1289671792/fast"
/Library/Developer/CommandLineTools/usr/bin/make -f CMakeFiles/cmTryCompileExec1289671792.dir/build.make CMakeFiles/cmTryCompileExec1289671792.dir/build
/Applications/CMake.app/Contents/bin/cmake -E cmake_progress_report /Users/q/Documents/aspect/build_deal.ii.app/CMakeFiles/CMakeTmp/CMakeFiles 1
Building CXX object CMakeFiles/cmTryCompileExec1289671792.dir/CMakeCXXCompilerABI.cpp.o
/Applications/deal.II.app/Contents/Resources/opt/openmpi-1.6.5/bin/mpicxx    -g -O3 -std=c++11    -o CMakeFiles/cmTryCompileExec1289671792.dir/CMakeCXXCompilerABI.cpp.o -c /Applications/CMake.app/Contents/share/cmake-3.2/Modules/CMakeCXXCompilerABI.cpp
Linking CXX executable cmTryCompileExec1289671792
/Applications/CMake.app/Contents/bin/cmake -E cmake_link_script CMakeFiles/cmTryCompileExec1289671792.dir/link.txt --verbose=1
/Applications/deal.II.app/Contents/Resources/opt/openmpi-1.6.5/bin/mpicxx   -g -O3 -std=c++11  -Wl,-search_paths_first -Wl,-headerpad_max_install_names  -v -Wl,-v CMakeFiles/cmTryCompileExec1289671792.dir/CMakeCXXCompilerABI.cpp.o  -o cmTryCompileExec1289671792   
Apple LLVM version 6.0 (clang-600.0.57) (based on LLVM 3.5svn)
Target: x86_64-apple-darwin13.4.0
Thread model: posix
 "/Library/Developer/CommandLineTools/usr/bin/ld" -demangle -dynamic -arch x86_64 -macosx_version_min 10.9.0 -o cmTryCompileExec1289671792 -L/Applications/deal.II.app/Contents/Resources/opt/openmpi-1.6.5/lib -search_paths_first -headerpad_max_install_names -v CMakeFiles/cmTryCompileExec1289671792.dir/CMakeCXXCompilerABI.cpp.o -lmpi_cxx -lmpi -lm -L/usr/local/lib -lc++ -lSystem /Library/Developer/CommandLineTools/usr/bin/../lib/clang/6.0/lib/darwin/libclang_rt.osx.a
@(#)PROGRAM:ld  PROJECT:ld64-241.9
configured to support archs: armv6 armv7 armv7s arm64 i386 x86_64 x86_64h armv6m armv7m armv7em
Library search paths:
	/Applications/deal.II.app/Contents/Resources/opt/openmpi-1.6.5/lib
	/usr/local/lib
	/usr/lib
	/usr/local/lib
Framework search paths:
	/Library/Frameworks/
	/System/Library/Frameworks/


Parsed CXX implicit link information from above output:
  link line regex: [^( *|.*[/\])(ld|([^/\]+-)?ld|collect2)[^/\]*( |$)]
  ignore line: [Change Dir: /Users/q/Documents/aspect/build_deal.ii.app/CMakeFiles/CMakeTmp]
  ignore line: []
  ignore line: [Run Build Command:"/usr/bin/make" "cmTryCompileExec1289671792/fast"]
  ignore line: [/Library/Developer/CommandLineTools/usr/bin/make -f CMakeFiles/cmTryCompileExec1289671792.dir/build.make CMakeFiles/cmTryCompileExec1289671792.dir/build]
  ignore line: [/Applications/CMake.app/Contents/bin/cmake -E cmake_progress_report /Users/q/Documents/aspect/build_deal.ii.app/CMakeFiles/CMakeTmp/CMakeFiles 1]
  ignore line: [Building CXX object CMakeFiles/cmTryCompileExec1289671792.dir/CMakeCXXCompilerABI.cpp.o]
  ignore line: [/Applications/deal.II.app/Contents/Resources/opt/openmpi-1.6.5/bin/mpicxx    -g -O3 -std=c++11    -o CMakeFiles/cmTryCompileExec1289671792.dir/CMakeCXXCompilerABI.cpp.o -c /Applications/CMake.app/Contents/share/cmake-3.2/Modules/CMakeCXXCompilerABI.cpp]
  ignore line: [Linking CXX executable cmTryCompileExec1289671792]
  ignore line: [/Applications/CMake.app/Contents/bin/cmake -E cmake_link_script CMakeFiles/cmTryCompileExec1289671792.dir/link.txt --verbose=1]
  ignore line: [/Applications/deal.II.app/Contents/Resources/opt/openmpi-1.6.5/bin/mpicxx   -g -O3 -std=c++11  -Wl,-search_paths_first -Wl,-headerpad_max_install_names  -v -Wl,-v CMakeFiles/cmTryCompileExec1289671792.dir/CMakeCXXCompilerABI.cpp.o  -o cmTryCompileExec1289671792   ]
  ignore line: [Apple LLVM version 6.0 (clang-600.0.57) (based on LLVM 3.5svn)]
  ignore line: [Target: x86_64-apple-darwin13.4.0]
  ignore line: [Thread model: posix]
  link line: [ "/Library/Developer/CommandLineTools/usr/bin/ld" -demangle -dynamic -arch x86_64 -macosx_version_min 10.9.0 -o cmTryCompileExec1289671792 -L/Applications/deal.II.app/Contents/Resources/opt/openmpi-1.6.5/lib -search_paths_first -headerpad_max_install_names -v CMakeFiles/cmTryCompileExec1289671792.dir/CMakeCXXCompilerABI.cpp.o -lmpi_cxx -lmpi -lm -L/usr/local/lib -lc++ -lSystem /Library/Developer/CommandLineTools/usr/bin/../lib/clang/6.0/lib/darwin/libclang_rt.osx.a]
    arg [/Library/Developer/CommandLineTools/usr/bin/ld] ==> ignore
    arg [-demangle] ==> ignore
    arg [-dynamic] ==> ignore
    arg [-arch] ==> ignore
    arg [x86_64] ==> ignore
    arg [-macosx_version_min] ==> ignore
    arg [10.9.0] ==> ignore
    arg [-o] ==> ignore
    arg [cmTryCompileExec1289671792] ==> ignore
    arg [-L/Applications/deal.II.app/Contents/Resources/opt/openmpi-1.6.5/lib] ==> dir [/Applications/deal.II.app/Contents/Resources/opt/openmpi-1.6.5/lib]
    arg [-search_paths_first] ==> ignore
    arg [-headerpad_max_install_names] ==> ignore
    arg [-v] ==> ignore
    arg [CMakeFiles/cmTryCompileExec1289671792.dir/CMakeCXXCompilerABI.cpp.o] ==> ignore
    arg [-lmpi_cxx] ==> lib [mpi_cxx]
    arg [-lmpi] ==> lib [mpi]
    arg [-lm] ==> lib [m]
    arg [-L/usr/local/lib] ==> dir [/usr/local/lib]
    arg [-lc++] ==> lib [c++]
    arg [-lSystem] ==> lib [System]
    arg [/Library/Developer/CommandLineTools/usr/bin/../lib/clang/6.0/lib/darwin/libclang_rt.osx.a] ==> lib [/Library/Developer/CommandLineTools/usr/bin/../lib/clang/6.0/lib/darwin/libclang_rt.osx.a]
  Library search paths: [;/Applications/deal.II.app/Contents/Resources/opt/openmpi-1.6.5/lib;/usr/local/lib;/usr/lib;/usr/local/lib]
  Framework search paths: [;/Library/Frameworks/;/System/Library/Frameworks/]
  remove lib [System]
  collapse lib [/Library/Developer/CommandLineTools/usr/bin/../lib/clang/6.0/lib/darwin/libclang_rt.osx.a] ==> [/Library/Developer/CommandLineTools/usr/lib/clang/6.0/lib/darwin/libclang_rt.osx.a]
  collapse library dir [/Applications/deal.II.app/Contents/Resources/opt/openmpi-1.6.5/lib] ==> [/Applications/deal.II.app/Contents/Resources/opt/openmpi-1.6.5/lib]
  collapse library dir [/usr/local/lib] ==> [/usr/local/lib]
  collapse library dir [/Applications/deal.II.app/Contents/Resources/opt/openmpi-1.6.5/lib] ==> [/Applications/deal.II.app/Contents/Resources/opt/openmpi-1.6.5/lib]
  collapse library dir [/usr/local/lib] ==> [/usr/local/lib]
  collapse library dir [/usr/lib] ==> [/usr/lib]
  collapse library dir [/usr/local/lib] ==> [/usr/local/lib]
  collapse framework dir [/Library/Frameworks/] ==> [/Library/Frameworks]
  collapse framework dir [/System/Library/Frameworks/] ==> [/System/Library/Frameworks]
  implicit libs: [mpi_cxx;mpi;m;c++;/Library/Developer/CommandLineTools/usr/lib/clang/6.0/lib/darwin/libclang_rt.osx.a]
  implicit dirs: [/Applications/deal.II.app/Contents/Resources/opt/openmpi-1.6.5/lib;/usr/local/lib;/usr/lib]
  implicit fwks: [/Library/Frameworks;/System/Library/Frameworks]




Detecting CXX [-std=c++1y] compiler features compiled with the following output:
Change Dir: /Users/q/Documents/aspect/build_deal.ii.app/CMakeFiles/CMakeTmp

Run Build Command:"/usr/bin/make" "cmTryCompileExec392595090/fast"
/Library/Developer/CommandLineTools/usr/bin/make -f CMakeFiles/cmTryCompileExec392595090.dir/build.make CMakeFiles/cmTryCompileExec392595090.dir/build
/Applications/CMake.app/Contents/bin/cmake -E cmake_progress_report /Users/q/Documents/aspect/build_deal.ii.app/CMakeFiles/CMakeTmp/CMakeFiles 1
Building CXX object CMakeFiles/cmTryCompileExec392595090.dir/feature_tests.cxx.o
/Applications/deal.II.app/Contents/Resources/opt/openmpi-1.6.5/bin/mpicxx    -g -O3 -std=c++11    -std=c++1y -o CMakeFiles/cmTryCompileExec392595090.dir/feature_tests.cxx.o -c /Users/q/Documents/aspect/build_deal.ii.app/CMakeFiles/feature_tests.cxx
Linking CXX executable cmTryCompileExec392595090
/Applications/CMake.app/Contents/bin/cmake -E cmake_link_script CMakeFiles/cmTryCompileExec392595090.dir/link.txt --verbose=1
/Applications/deal.II.app/Contents/Resources/opt/openmpi-1.6.5/bin/mpicxx   -g -O3 -std=c++11  -Wl,-search_paths_first -Wl,-headerpad_max_install_names   CMakeFiles/cmTryCompileExec392595090.dir/feature_tests.cxx.o  -o cmTryCompileExec392595090  


    Feature record: CXX_FEATURE:1cxx_aggregate_default_initializers
    Feature record: CXX_FEATURE:1cxx_alias_templates
    Feature record: CXX_FEATURE:1cxx_alignas
    Feature record: CXX_FEATURE:1cxx_alignof
    Feature record: CXX_FEATURE:1cxx_attributes
    Feature record: CXX_FEATURE:1cxx_attribute_deprecated
    Feature record: CXX_FEATURE:1cxx_auto_type
    Feature record: CXX_FEATURE:1cxx_binary_literals
    Feature record: CXX_FEATURE:1cxx_constexpr
    Feature record: CXX_FEATURE:1cxx_contextual_conversions
    Feature record: CXX_FEATURE:1cxx_decltype
    Feature record: CXX_FEATURE:1cxx_decltype_auto
    Feature record: CXX_FEATURE:1cxx_decltype_incomplete_return_types
    Feature record: CXX_FEATURE:1cxx_default_function_template_args
    Feature record: CXX_FEATURE:1cxx_defaulted_functions
    Feature record: CXX_FEATURE:1cxx_defaulted_move_initializers
    Feature record: CXX_FEATURE:1cxx_delegating_constructors
    Feature record: CXX_FEATURE:1cxx_deleted_functions
    Feature record: CXX_FEATURE:1cxx_digit_separators
    Feature record: CXX_FEATURE:1cxx_enum_forward_declarations
    Feature record: CXX_FEATURE:1cxx_explicit_conversions
    Feature record: CXX_FEATURE:1cxx_extended_friend_declarations
    Feature record: CXX_FEATURE:1cxx_extern_templates
    Feature record: CXX_FEATURE:1cxx_final
    Feature record: CXX_FEATURE:1cxx_func_identifier
    Feature record: CXX_FEATURE:1cxx_generalized_initializers
    Feature record: CXX_FEATURE:1cxx_generic_lambdas
    Feature record: CXX_FEATURE:1cxx_inheriting_constructors
    Feature record: CXX_FEATURE:1cxx_inline_namespaces
    Feature record: CXX_FEATURE:1cxx_lambdas
    Feature record: CXX_FEATURE:1cxx_lambda_init_captures
    Feature record: CXX_FEATURE:1cxx_local_type_template_args
    Feature record: CXX_FEATURE:1cxx_long_long_type
    Feature record: CXX_FEATURE:1cxx_noexcept
    Feature record: CXX_FEATURE:1cxx_nonstatic_member_init
    Feature record: CXX_FEATURE:1cxx_nullptr
    Feature record: CXX_FEATURE:1cxx_override
    Feature record: CXX_FEATURE:1cxx_range_for
    Feature record: CXX_FEATURE:1cxx_raw_string_literals
    Feature record: CXX_FEATURE:1cxx_reference_qualified_functions
    Feature record: CXX_FEATURE:1cxx_relaxed_constexpr
    Feature record: CXX_FEATURE:1cxx_return_type_deduction
    Feature record: CXX_FEATURE:1cxx_right_angle_brackets
    Feature record: CXX_FEATURE:1cxx_rvalue_references
    Feature record: CXX_FEATURE:1cxx_sizeof_member
    Feature record: CXX_FEATURE:1cxx_static_assert
    Feature record: CXX_FEATURE:1cxx_strong_enums
    Feature record: CXX_FEATURE:1cxx_template_template_parameters
    Feature record: CXX_FEATURE:0cxx_thread_local
    Feature record: CXX_FEATURE:1cxx_trailing_return_types
    Feature record: CXX_FEATURE:1cxx_unicode_literals
    Feature record: CXX_FEATURE:1cxx_uniform_initialization
    Feature record: CXX_FEATURE:1cxx_unrestricted_unions
    Feature record: CXX_FEATURE:1cxx_user_literals
    Feature record: CXX_FEATURE:1cxx_variable_templates
    Feature record: CXX_FEATURE:1cxx_variadic_macros
    Feature record: CXX_FEATURE:1cxx_variadic_templates


Detecting CXX [-std=c++11] compiler features compiled with the following output:
Change Dir: /Users/q/Documents/aspect/build_deal.ii.app/CMakeFiles/CMakeTmp

Run Build Command:"/usr/bin/make" "cmTryCompileExec2787597375/fast"
/Library/Developer/CommandLineTools/usr/bin/make -f CMakeFiles/cmTryCompileExec2787597375.dir/build.make CMakeFiles/cmTryCompileExec2787597375.dir/build
/Applications/CMake.app/Contents/bin/cmake -E cmake_progress_report /Users/q/Documents/aspect/build_deal.ii.app/CMakeFiles/CMakeTmp/CMakeFiles 1
Building CXX object CMakeFiles/cmTryCompileExec2787597375.dir/feature_tests.cxx.o
/Applications/deal.II.app/Contents/Resources/opt/openmpi-1.6.5/bin/mpicxx    -g -O3 -std=c++11    -std=c++11 -o CMakeFiles/cmTryCompileExec2787597375.dir/feature_tests.cxx.o -c /Users/q/Documents/aspect/build_deal.ii.app/CMakeFiles/feature_tests.cxx
Linking CXX executable cmTryCompileExec2787597375
/Applications/CMake.app/Contents/bin/cmake -E cmake_link_script CMakeFiles/cmTryCompileExec2787597375.dir/link.txt --verbose=1
/Applications/deal.II.app/Contents/Resources/opt/openmpi-1.6.5/bin/mpicxx   -g -O3 -std=c++11  -Wl,-search_paths_first -Wl,-headerpad_max_install_names   CMakeFiles/cmTryCompileExec2787597375.dir/feature_tests.cxx.o  -o cmTryCompileExec2787597375  


    Feature record: CXX_FEATURE:0cxx_aggregate_default_initializers
    Feature record: CXX_FEATURE:1cxx_alias_templates
    Feature record: CXX_FEATURE:1cxx_alignas
    Feature record: CXX_FEATURE:1cxx_alignof
    Feature record: CXX_FEATURE:1cxx_attributes
    Feature record: CXX_FEATURE:0cxx_attribute_deprecated
    Feature record: CXX_FEATURE:1cxx_auto_type
    Feature record: CXX_FEATURE:0cxx_binary_literals
    Feature record: CXX_FEATURE:1cxx_constexpr
    Feature record: CXX_FEATURE:0cxx_contextual_conversions
    Feature record: CXX_FEATURE:1cxx_decltype
    Feature record: CXX_FEATURE:0cxx_decltype_auto
    Feature record: CXX_FEATURE:1cxx_decltype_incomplete_return_types
    Feature record: CXX_FEATURE:1cxx_default_function_template_args
    Feature record: CXX_FEATURE:1cxx_defaulted_functions
    Feature record: CXX_FEATURE:1cxx_defaulted_move_initializers
    Feature record: CXX_FEATURE:1cxx_delegating_constructors
    Feature record: CXX_FEATURE:1cxx_deleted_functions
    Feature record: CXX_FEATURE:0cxx_digit_separators
    Feature record: CXX_FEATURE:1cxx_enum_forward_declarations
    Feature record: CXX_FEATURE:1cxx_explicit_conversions
    Feature record: CXX_FEATURE:1cxx_extended_friend_declarations
    Feature record: CXX_FEATURE:1cxx_extern_templates
    Feature record: CXX_FEATURE:1cxx_final
    Feature record: CXX_FEATURE:1cxx_func_identifier
    Feature record: CXX_FEATURE:1cxx_generalized_initializers
    Feature record: CXX_FEATURE:0cxx_generic_lambdas
    Feature record: CXX_FEATURE:1cxx_inheriting_constructors
    Feature record: CXX_FEATURE:1cxx_inline_namespaces
    Feature record: CXX_FEATURE:1cxx_lambdas
    Feature record: CXX_FEATURE:0cxx_lambda_init_captures
    Feature record: CXX_FEATURE:1cxx_local_type_template_args
    Feature record: CXX_FEATURE:1cxx_long_long_type
    Feature record: CXX_FEATURE:1cxx_noexcept
    Feature record: CXX_FEATURE:1cxx_nonstatic_member_init
    Feature record: CXX_FEATURE:1cxx_nullptr
    Feature record: CXX_FEATURE:1cxx_override
    Feature record: CXX_FEATURE:1cxx_range_for
    Feature record: CXX_FEATURE:1cxx_raw_string_literals
    Feature record: CXX_FEATURE:1cxx_reference_qualified_functions
    Feature record: CXX_FEATURE:0cxx_relaxed_constexpr
    Feature record: CXX_FEATURE:0cxx_return_type_deduction
    Feature record: CXX_FEATURE:1cxx_right_angle_brackets
    Feature record: CXX_FEATURE:1cxx_rvalue_references
    Feature record: CXX_FEATURE:1cxx_sizeof_member
    Feature record: CXX_FEATURE:1cxx_static_assert
    Feature record: CXX_FEATURE:1cxx_strong_enums
    Feature record: CXX_FEATURE:1cxx_template_template_parameters
    Feature record: CXX_FEATURE:0cxx_thread_local
    Feature record: CXX_FEATURE:1cxx_trailing_return_types
    Feature record: CXX_FEATURE:1cxx_unicode_literals
    Feature record: CXX_FEATURE:1cxx_uniform_initialization
    Feature record: CXX_FEATURE:1cxx_unrestricted_unions
    Feature record: CXX_FEATURE:1cxx_user_literals
    Feature record: CXX_FEATURE:0cxx_variable_templates
    Feature record: CXX_FEATURE:1cxx_variadic_macros
    Feature record: CXX_FEATURE:1cxx_variadic_templates


Detecting CXX [-std=c++98] compiler features compiled with the following output:
Change Dir: /Users/q/Documents/aspect/build_deal.ii.app/CMakeFiles/CMakeTmp

Run Build Command:"/usr/bin/make" "cmTryCompileExec660891561/fast"
/Library/Developer/CommandLineTools/usr/bin/make -f CMakeFiles/cmTryCompileExec660891561.dir/build.make CMakeFiles/cmTryCompileExec660891561.dir/build
/Applications/CMake.app/Contents/bin/cmake -E cmake_progress_report /Users/q/Documents/aspect/build_deal.ii.app/CMakeFiles/CMakeTmp/CMakeFiles 1
Building CXX object CMakeFiles/cmTryCompileExec660891561.dir/feature_tests.cxx.o
/Applications/deal.II.app/Contents/Resources/opt/openmpi-1.6.5/bin/mpicxx    -g -O3 -std=c++11    -std=c++98 -o CMakeFiles/cmTryCompileExec660891561.dir/feature_tests.cxx.o -c /Users/q/Documents/aspect/build_deal.ii.app/CMakeFiles/feature_tests.cxx
Linking CXX executable cmTryCompileExec660891561
/Applications/CMake.app/Contents/bin/cmake -E cmake_link_script CMakeFiles/cmTryCompileExec660891561.dir/link.txt --verbose=1
/Applications/deal.II.app/Contents/Resources/opt/openmpi-1.6.5/bin/mpicxx   -g -O3 -std=c++11  -Wl,-search_paths_first -Wl,-headerpad_max_install_names   CMakeFiles/cmTryCompileExec660891561.dir/feature_tests.cxx.o  -o cmTryCompileExec660891561  


    Feature record: CXX_FEATURE:0cxx_aggregate_default_initializers
    Feature record: CXX_FEATURE:0cxx_alias_templates
    Feature record: CXX_FEATURE:0cxx_alignas
    Feature record: CXX_FEATURE:0cxx_alignof
    Feature record: CXX_FEATURE:0cxx_attributes
    Feature record: CXX_FEATURE:0cxx_attribute_deprecated
    Feature record: CXX_FEATURE:0cxx_auto_type
    Feature record: CXX_FEATURE:0cxx_binary_literals
    Feature record: CXX_FEATURE:0cxx_constexpr
    Feature record: CXX_FEATURE:0cxx_contextual_conversions
    Feature record: CXX_FEATURE:0cxx_decltype
    Feature record: CXX_FEATURE:0cxx_decltype_auto
    Feature record: CXX_FEATURE:0cxx_decltype_incomplete_return_types
    Feature record: CXX_FEATURE:0cxx_default_function_template_args
    Feature record: CXX_FEATURE:0cxx_defaulted_functions
    Feature record: CXX_FEATURE:0cxx_defaulted_move_initializers
    Feature record: CXX_FEATURE:0cxx_delegating_constructors
    Feature record: CXX_FEATURE:0cxx_deleted_functions
    Feature record: CXX_FEATURE:0cxx_digit_separators
    Feature record: CXX_FEATURE:0cxx_enum_forward_declarations
    Feature record: CXX_FEATURE:0cxx_explicit_conversions
    Feature record: CXX_FEATURE:0cxx_extended_friend_declarations
    Feature record: CXX_FEATURE:0cxx_extern_templates
    Feature record: CXX_FEATURE:0cxx_final
    Feature record: CXX_FEATURE:0cxx_func_identifier
    Feature record: CXX_FEATURE:0cxx_generalized_initializers
    Feature record: CXX_FEATURE:0cxx_generic_lambdas
    Feature record: CXX_FEATURE:0cxx_inheriting_constructors
    Feature record: CXX_FEATURE:0cxx_inline_namespaces
    Feature record: CXX_FEATURE:0cxx_lambdas
    Feature record: CXX_FEATURE:0cxx_lambda_init_captures
    Feature record: CXX_FEATURE:0cxx_local_type_template_args
    Feature record: CXX_FEATURE:0cxx_long_long_type
    Feature record: CXX_FEATURE:0cxx_noexcept
    Feature record: CXX_FEATURE:0cxx_nonstatic_member_init
    Feature record: CXX_FEATURE:0cxx_nullptr
    Feature record: CXX_FEATURE:0cxx_override
    Feature record: CXX_FEATURE:0cxx_range_for
    Feature record: CXX_FEATURE:0cxx_raw_string_literals
    Feature record: CXX_FEATURE:0cxx_reference_qualified_functions
    Feature record: CXX_FEATURE:0cxx_relaxed_constexpr
    Feature record: CXX_FEATURE:0cxx_return_type_deduction
    Feature record: CXX_FEATURE:0cxx_right_angle_brackets
    Feature record: CXX_FEATURE:0cxx_rvalue_references
    Feature record: CXX_FEATURE:0cxx_sizeof_member
    Feature record: CXX_FEATURE:0cxx_static_assert
    Feature record: CXX_FEATURE:0cxx_strong_enums
    Feature record: CXX_FEATURE:1cxx_template_template_parameters
    Feature record: CXX_FEATURE:0cxx_thread_local
    Feature record: CXX_FEATURE:0cxx_trailing_return_types
    Feature record: CXX_FEATURE:0cxx_unicode_literals
    Feature record: CXX_FEATURE:0cxx_uniform_initialization
    Feature record: CXX_FEATURE:0cxx_unrestricted_unions
    Feature record: CXX_FEATURE:0cxx_user_literals
    Feature record: CXX_FEATURE:0cxx_variable_templates
    Feature record: CXX_FEATURE:0cxx_variadic_macros
    Feature record: CXX_FEATURE:0cxx_variadic_templates
